[0m15:35:48.541991 [debug] [MainThread]: Sending event: {'category': 'dbt', 'action': 'invocation', 'label': 'start', 'context': [<snowplow_tracker.self_describing_json.SelfDescribingJson object at 0x7dab15c575f0>, <snowplow_tracker.self_describing_json.SelfDescribingJson object at 0x7dab1573ec30>, <snowplow_tracker.self_describing_json.SelfDescribingJson object at 0x7dab1570cb30>]}


============================== 15:35:48.550570 | 3a8e089e-e4b1-4a25-978c-c90a3c4cfada ==============================
[0m15:35:48.550570 [info ] [MainThread]: Running with dbt=1.9.0
[0m15:35:48.552056 [debug] [MainThread]: running dbt with arguments {'printer_width': '80', 'indirect_selection': 'eager', 'log_cache_events': 'False', 'write_json': 'True', 'partial_parse': 'True', 'cache_selected_only': 'False', 'warn_error': 'None', 'fail_fast': 'False', 'debug': 'False', 'log_path': 'logs', 'version_check': 'True', 'profiles_dir': '/root/.dbt', 'use_colors': 'True', 'use_experimental_parser': 'False', 'empty': 'None', 'quiet': 'False', 'no_print': 'None', 'warn_error_options': 'WarnErrorOptions(include=[], exclude=[])', 'static_parser': 'True', 'invocation_command': 'dbt init my_project', 'log_format': 'default', 'target_path': 'None', 'introspect': 'True', 'send_anonymous_usage_stats': 'True'}
[0m15:35:48.606348 [warn ] [MainThread]: [ConfigFolderDirectory]: Unable to parse logging event dictionary. Failed to parse dir field: expected string or bytes-like object, got 'PosixPath'.. Dictionary: {'dir': PosixPath('/root/.dbt')}
[0m15:35:48.606972 [info ] [MainThread]: Creating dbt configuration folder at 
[0m15:35:48.610212 [debug] [MainThread]: Starter project path: /usr/local/lib/python3.12/site-packages/dbt/include/starter_project
[0m15:35:48.622091 [info ] [MainThread]: 
Your new dbt project "my_project" was created!

For more information on how to configure the profiles.yml file,
please consult the dbt documentation here:

  https://docs.getdbt.com/docs/configure-your-profile

One more thing:

Need help? Don't hesitate to reach out to us via GitHub issues or on Slack:

  https://community.getdbt.com/

Happy modeling!

[0m15:35:48.622887 [info ] [MainThread]: Setting up your profile.
[0m15:39:11.165023 [info ] [MainThread]: Profile my_project written to /root/.dbt/profiles.yml using target's profile_template.yml and your supplied values. Run 'dbt debug' to validate the connection.
[0m15:39:11.167267 [debug] [MainThread]: Resource report: {"command_name": "init", "command_success": true, "command_wall_clock_time": 202.69476, "process_in_blocks": "0", "process_kernel_time": 0.57677, "process_mem_max_rss": "92832", "process_out_blocks": "1544", "process_user_time": 1.539468}
[0m15:39:11.168411 [debug] [MainThread]: Command `dbt init` succeeded at 15:39:11.168186 after 202.70 seconds
[0m15:39:11.169095 [debug] [MainThread]: Sending event: {'category': 'dbt', 'action': 'invocation', 'label': 'end', 'context': [<snowplow_tracker.self_describing_json.SelfDescribingJson object at 0x7dab1573ede0>, <snowplow_tracker.self_describing_json.SelfDescribingJson object at 0x7dab15ff2e40>, <snowplow_tracker.self_describing_json.SelfDescribingJson object at 0x7dab15486630>]}
[0m15:39:11.169829 [debug] [MainThread]: Flushing usage events
[0m15:39:12.238994 [debug] [MainThread]: An error was encountered while trying to flush usage events
[0m15:40:33.418629 [debug] [MainThread]: Sending event: {'category': 'dbt', 'action': 'invocation', 'label': 'start', 'context': [<snowplow_tracker.self_describing_json.SelfDescribingJson object at 0x7e58419c9130>, <snowplow_tracker.self_describing_json.SelfDescribingJson object at 0x7e5841ae4500>, <snowplow_tracker.self_describing_json.SelfDescribingJson object at 0x7e5840f3c5c0>]}


============================== 15:40:33.428600 | 7b759071-a7ec-4e87-b2de-9521bfb6703f ==============================
[0m15:40:33.428600 [info ] [MainThread]: Running with dbt=1.9.0
[0m15:40:33.430277 [debug] [MainThread]: running dbt with arguments {'printer_width': '80', 'indirect_selection': 'eager', 'log_cache_events': 'False', 'write_json': 'True', 'partial_parse': 'True', 'cache_selected_only': 'False', 'warn_error': 'None', 'version_check': 'True', 'fail_fast': 'False', 'log_path': 'logs', 'debug': 'False', 'profiles_dir': '/root/.dbt', 'use_colors': 'True', 'use_experimental_parser': 'False', 'empty': 'None', 'quiet': 'False', 'no_print': 'None', 'warn_error_options': 'WarnErrorOptions(include=[], exclude=[])', 'static_parser': 'True', 'log_format': 'default', 'introspect': 'True', 'target_path': 'None', 'invocation_command': 'dbt debug', 'send_anonymous_usage_stats': 'True'}
[0m15:40:43.233643 [info ] [MainThread]: dbt version: 1.9.0
[0m15:40:43.234200 [info ] [MainThread]: python version: 3.12.4
[0m15:40:43.235403 [info ] [MainThread]: python path: /usr/local/bin/python
[0m15:40:43.236043 [info ] [MainThread]: os info: Linux-6.6.87.2-microsoft-standard-WSL2-x86_64-with-glibc2.31
[0m15:40:43.236946 [info ] [MainThread]: Using profiles dir at /root/.dbt
[0m15:40:43.237554 [info ] [MainThread]: Using profiles.yml file at /root/.dbt/profiles.yml
[0m15:40:43.238355 [info ] [MainThread]: Using dbt_project.yml file at /usr/app/dbt_project.yml
[0m15:40:43.239347 [info ] [MainThread]: Configuration:
[0m15:40:43.240723 [info ] [MainThread]:   profiles.yml file [[31mERROR not found[0m]
[0m15:40:43.241473 [info ] [MainThread]:   dbt_project.yml file [[31mERROR not found[0m]
[0m15:40:43.242030 [info ] [MainThread]: Required dependencies:
[0m15:40:43.242513 [debug] [MainThread]: Executing "git --help"
[0m15:40:43.247765 [debug] [MainThread]: STDOUT: "b"usage: git [--version] [--help] [-C <path>] [-c <name>=<value>]\n           [--exec-path[=<path>]] [--html-path] [--man-path] [--info-path]\n           [-p | --paginate | -P | --no-pager] [--no-replace-objects] [--bare]\n           [--git-dir=<path>] [--work-tree=<path>] [--namespace=<name>]\n           <command> [<args>]\n\nThese are common Git commands used in various situations:\n\nstart a working area (see also: git help tutorial)\n   clone             Clone a repository into a new directory\n   init              Create an empty Git repository or reinitialize an existing one\n\nwork on the current change (see also: git help everyday)\n   add               Add file contents to the index\n   mv                Move or rename a file, a directory, or a symlink\n   restore           Restore working tree files\n   rm                Remove files from the working tree and from the index\n   sparse-checkout   Initialize and modify the sparse-checkout\n\nexamine the history and state (see also: git help revisions)\n   bisect            Use binary search to find the commit that introduced a bug\n   diff              Show changes between commits, commit and working tree, etc\n   grep              Print lines matching a pattern\n   log               Show commit logs\n   show              Show various types of objects\n   status            Show the working tree status\n\ngrow, mark and tweak your common history\n   branch            List, create, or delete branches\n   commit            Record changes to the repository\n   merge             Join two or more development histories together\n   rebase            Reapply commits on top of another base tip\n   reset             Reset current HEAD to the specified state\n   switch            Switch branches\n   tag               Create, list, delete or verify a tag object signed with GPG\n\ncollaborate (see also: git help workflows)\n   fetch             Download objects and refs from another repository\n   pull              Fetch from and integrate with another repository or a local branch\n   push              Update remote refs along with associated objects\n\n'git help -a' and 'git help -g' list available subcommands and some\nconcept guides. See 'git help <command>' or 'git help <concept>'\nto read about a specific subcommand or concept.\nSee 'git help git' for an overview of the system.\n""
[0m15:40:43.248619 [debug] [MainThread]: STDERR: "b''"
[0m15:40:43.249137 [info ] [MainThread]:  - git [[32mOK found[0m]

[0m15:40:43.249951 [info ] [MainThread]: Connection test skipped since no profile was found
[0m15:40:43.250619 [info ] [MainThread]: [31m2 checks failed:[0m
[0m15:40:43.251188 [info ] [MainThread]: dbt looked for a profiles.yml file in /root/.dbt/profiles.yml, but did
not find one. For more information on configuring your profile, consult the
documentation:

https://docs.getdbt.com/docs/configure-your-profile


[0m15:40:43.251851 [info ] [MainThread]: Project loading failed for the following reason:
 project path </usr/app/dbt_project.yml> not found

[0m15:40:43.253536 [debug] [MainThread]: Resource report: {"command_name": "debug", "command_success": false, "command_wall_clock_time": 0.17018779, "process_in_blocks": "0", "process_kernel_time": 0.468644, "process_mem_max_rss": "87352", "process_out_blocks": "1488", "process_user_time": 1.599147}
[0m15:40:43.254229 [debug] [MainThread]: Command `dbt debug` failed at 15:40:43.254083 after 0.17 seconds
[0m15:40:43.254697 [debug] [MainThread]: Sending event: {'category': 'dbt', 'action': 'invocation', 'label': 'end', 'context': [<snowplow_tracker.self_describing_json.SelfDescribingJson object at 0x7e58419c9130>, <snowplow_tracker.self_describing_json.SelfDescribingJson object at 0x7e58432b68d0>, <snowplow_tracker.self_describing_json.SelfDescribingJson object at 0x7e583fd8cec0>]}
[0m15:40:43.255139 [debug] [MainThread]: Flushing usage events
[0m15:40:34.616189 [debug] [MainThread]: An error was encountered while trying to flush usage events
